<?xml version="1.0" encoding="UTF-8" ?>
<testsuite errors="0" failures="0" hostname="localhost.localdomain" name="edu.cornell.med.icb.goby.counts.TestReadWriteCounts" tests="5" time="0.493" timestamp="2013-12-03T15:54:25">
  <properties>
[...]
</properties>
  <testcase classname="edu.cornell.med.icb.goby.counts.TestReadWriteCounts" name="testReadWrite" time="0.172" />
  <testcase classname="edu.cornell.med.icb.goby.counts.TestReadWriteCounts" name="testDeltaCount" time="0.01" />
  <testcase classname="edu.cornell.med.icb.goby.counts.TestReadWriteCounts" name="testReadTransitions" time="0.0020" />
  <testcase classname="edu.cornell.med.icb.goby.counts.TestReadWriteCounts" name="testReadWrite2" time="0.016" />
  <testcase classname="edu.cornell.med.icb.goby.counts.TestReadWriteCounts" name="testReadWrite3" time="0.116" />
  <system-out><![CDATA[log4j: Using URL [file:/home/mil2041/Fabien_lab/contig_mapping_project/goby/config/log4j.properties] for automatic log4j configuration.
log4j: Reading configuration from URL file:/home/mil2041/Fabien_lab/contig_mapping_project/goby/config/log4j.properties
Appending count: 10744 length: 5
Appending count: 11386 length: 5
Appending count: 19209 length: 2
Appending count: 40386 length: 7
Appending count: 9056 length: 1
Appending count: 6934 length: 5
Appending count: 8510 length: 3
Appending count: 4165 length: 6
Appending count: 32516 length: 8
Appending count: 15823 length: 7
Appending count: 26259 length: 2
Appending count: 44229 length: 4
Appending count: 38735 length: 2
Appending count: 40444 length: 7
Appending count: 1359 length: 6
Appending count: 21198 length: 9
Appending count: 6211 length: 8
Appending count: 28829 length: 5
Appending count: 10130 length: 7
Appending count: 11300 length: 5
Appending count: 42736 length: 5
Appending count: 13645 length: 4
Appending count: 38280 length: 7
Appending count: 42008 length: 8
Appending count: 44204 length: 9
Appending count: 33342 length: 9
Appending count: 45638 length: 4
Appending count: 5347 length: 1
Appending count: 2009 length: 2
Appending count: 22609 length: 1
 position= 0 count= 10744
 position= 1 count= 10744
 position= 2 count= 10744
 position= 3 count= 10744
 position= 4 count= 10744
 position= 5 count= 11386
 position= 6 count= 11386
 position= 7 count= 11386
 position= 8 count= 11386
 position= 9 count= 11386
 position= 10 count= 19209
 position= 11 count= 19209
 position= 12 count= 40386
 position= 13 count= 40386
 position= 14 count= 40386
 position= 15 count= 40386
 position= 16 count= 40386
 position= 17 count= 40386
 position= 18 count= 40386
 position= 19 count= 9056
 position= 20 count= 6934
 position= 21 count= 6934
 position= 22 count= 6934
 position= 23 count= 6934
 position= 24 count= 6934
 position= 25 count= 8510
 position= 26 count= 8510
 position= 27 count= 8510
 position= 28 count= 4165
 position= 29 count= 4165
 position= 30 count= 4165
 position= 31 count= 4165
 position= 32 count= 4165
 position= 33 count= 4165
 position= 34 count= 32516
 position= 35 count= 32516
 position= 36 count= 32516
 position= 37 count= 32516
 position= 38 count= 32516
 position= 39 count= 32516
 position= 40 count= 32516
 position= 41 count= 32516
 position= 42 count= 15823
 position= 43 count= 15823
 position= 44 count= 15823
 position= 45 count= 15823
 position= 46 count= 15823
 position= 47 count= 15823
 position= 48 count= 15823
 position= 49 count= 26259
 position= 50 count= 26259
 position= 51 count= 44229
 position= 52 count= 44229
 position= 53 count= 44229
 position= 54 count= 44229
 position= 55 count= 38735
 position= 56 count= 38735
 position= 57 count= 40444
 position= 58 count= 40444
 position= 59 count= 40444
 position= 60 count= 40444
 position= 61 count= 40444
 position= 62 count= 40444
 position= 63 count= 40444
 position= 64 count= 1359
 position= 65 count= 1359
 position= 66 count= 1359
 position= 67 count= 1359
 position= 68 count= 1359
 position= 69 count= 1359
 position= 70 count= 21198
 position= 71 count= 21198
 position= 72 count= 21198
 position= 73 count= 21198
 position= 74 count= 21198
 position= 75 count= 21198
 position= 76 count= 21198
 position= 77 count= 21198
 position= 78 count= 21198
 position= 79 count= 6211
 position= 80 count= 6211
 position= 81 count= 6211
 position= 82 count= 6211
 position= 83 count= 6211
 position= 84 count= 6211
 position= 85 count= 6211
 position= 86 count= 6211
 position= 87 count= 28829
 position= 88 count= 28829
 position= 89 count= 28829
 position= 90 count= 28829
 position= 91 count= 28829
 position= 92 count= 10130
 position= 93 count= 10130
 position= 94 count= 10130
 position= 95 count= 10130
 position= 96 count= 10130
 position= 97 count= 10130
 position= 98 count= 10130
 position= 99 count= 11300
 position= 100 count= 11300
 position= 101 count= 11300
 position= 102 count= 11300
 position= 103 count= 11300
 position= 104 count= 42736
 position= 105 count= 42736
 position= 106 count= 42736
 position= 107 count= 42736
 position= 108 count= 42736
 position= 109 count= 13645
 position= 110 count= 13645
 position= 111 count= 13645
 position= 112 count= 13645
 position= 113 count= 38280
 position= 114 count= 38280
 position= 115 count= 38280
 position= 116 count= 38280
 position= 117 count= 38280
 position= 118 count= 38280
 position= 119 count= 38280
 position= 120 count= 42008
 position= 121 count= 42008
 position= 122 count= 42008
 position= 123 count= 42008
 position= 124 count= 42008
 position= 125 count= 42008
 position= 126 count= 42008
 position= 127 count= 42008
 position= 128 count= 44204
 position= 129 count= 44204
 position= 130 count= 44204
 position= 131 count= 44204
 position= 132 count= 44204
 position= 133 count= 44204
 position= 134 count= 44204
 position= 135 count= 44204
 position= 136 count= 44204
 position= 137 count= 33342
 position= 138 count= 33342
 position= 139 count= 33342
 position= 140 count= 33342
 position= 141 count= 33342
 position= 142 count= 33342
 position= 143 count= 33342
 position= 144 count= 33342
 position= 145 count= 33342
 position= 146 count= 45638
 position= 147 count= 45638
 position= 148 count= 45638
 position= 149 count= 45638
 position= 150 count= 5347
 position= 151 count= 2009
 position= 152 count= 2009
 position= 153 count= 22609
]]></system-out>
  <system-err><![CDATA[log4j:ERROR Could not read configuration file from URL [file:/home/mil2041/Fabien_lab/contig_mapping_project/goby/config/log4j.properties].
java.io.FileNotFoundException: /home/mil2041/Fabien_lab/contig_mapping_project/goby/config/log4j.properties (No such file or directory)
	at java.io.FileInputStream.open(Native Method)
	at java.io.FileInputStream.<init>(FileInputStream.java:120)
	at java.io.FileInputStream.<init>(FileInputStream.java:79)
	at sun.net.www.protocol.file.FileURLConnection.connect(FileURLConnection.java:70)
	at sun.net.www.protocol.file.FileURLConnection.getInputStream(FileURLConnection.java:161)
	at java.net.URL.openStream(URL.java:1010)
	at org.apache.log4j.PropertyConfigurator.doConfigure(PropertyConfigurator.java:459)
	at org.apache.log4j.helpers.OptionConverter.selectAndConfigure(OptionConverter.java:471)
	at org.apache.log4j.LogManager.<clinit>(LogManager.java:125)
	at org.apache.log4j.Logger.getLogger(Logger.java:105)
	at org.apache.commons.logging.impl.Log4JLogger.getLogger(Log4JLogger.java:289)
	at org.apache.commons.logging.impl.Log4JLogger.<init>(Log4JLogger.java:109)
	at sun.reflect.NativeConstructorAccessorImpl.newInstance0(Native Method)
	at sun.reflect.NativeConstructorAccessorImpl.newInstance(NativeConstructorAccessorImpl.java:39)
	at sun.reflect.DelegatingConstructorAccessorImpl.newInstance(DelegatingConstructorAccessorImpl.java:27)
	at java.lang.reflect.Constructor.newInstance(Constructor.java:513)
	at org.apache.commons.logging.impl.LogFactoryImpl.createLogFromClass(LogFactoryImpl.java:1116)
	at org.apache.commons.logging.impl.LogFactoryImpl.discoverLogImplementation(LogFactoryImpl.java:914)
	at org.apache.commons.logging.impl.LogFactoryImpl.newInstance(LogFactoryImpl.java:604)
	at org.apache.commons.logging.impl.LogFactoryImpl.getInstance(LogFactoryImpl.java:336)
	at org.apache.commons.logging.impl.LogFactoryImpl.getInstance(LogFactoryImpl.java:310)
	at org.apache.commons.logging.LogFactory.getLog(LogFactory.java:685)
	at edu.cornell.med.icb.goby.counts.TestReadWriteCounts.<clinit>(TestReadWriteCounts.java:44)
	at java.lang.Class.forName0(Native Method)
	at java.lang.Class.forName(Class.java:171)
	at org.apache.tools.ant.taskdefs.optional.junit.JUnitTestRunner.run(JUnitTestRunner.java:335)
	at org.apache.tools.ant.taskdefs.optional.junit.JUnitTestRunner.launch(JUnitTestRunner.java:911)
	at org.apache.tools.ant.taskdefs.optional.junit.JUnitTestRunner.main(JUnitTestRunner.java:768)
log4j:ERROR Ignoring configuration file [file:/home/mil2041/Fabien_lab/contig_mapping_project/goby/config/log4j.properties].
log4j:WARN No appenders could be found for logger (edu.cornell.med.icb.goby.counts.TestReadWriteCounts).
log4j:WARN Please initialize the log4j system properly.
]]></system-err>
</testsuite>
