<?xml version="1.0" encoding="UTF-8" ?>
<testsuite errors="1" failures="0" hostname="localhost.localdomain" name="edu.cornell.med.icb.goby.algorithmic.data.TestDistinctIntValueCounter" tests="1" time="0.0" timestamp="2013-12-03T15:52:28">
  <properties>
[...]
</properties>
  <testcase classname="edu.cornell.med.icb.goby.algorithmic.data.TestDistinctIntValueCounter" name="testCount1" time="0.0020">
    <error message="Timeout occurred. Please note the time in the report does not reflect the time until the timeout." type="junit.framework.AssertionFailedError">junit.framework.AssertionFailedError: Timeout occurred. Please note the time in the report does not reflect the time until the timeout.
</error>
  </testcase>
</testsuite>
