<?xml version="1.0" encoding="UTF-8" ?>
<testsuite errors="0" failures="1" hostname="localhost.localdomain" name="edu.cornell.med.icb.goby.R.TestFisherExact" tests="0" time="0.55" timestamp="2013-12-03T15:41:51">
  <properties>
[...]
</properties>
  <testcase classname="junit.framework.TestSuite" name="edu.cornell.med.icb.goby.R.TestFisherExact" time="0.0050">
    <failure message="R engine is not available" type="junit.framework.AssertionFailedError">junit.framework.AssertionFailedError: R engine is not available
	at edu.cornell.med.icb.goby.R.TestFisherExact.assertRAvailable(TestFisherExact.java:173)
</failure>
  </testcase>
  <system-out><![CDATA[log4j: Using URL [file:/home/mil2041/Fabien_lab/contig_mapping_project/goby/config/log4j.properties] for automatic log4j configuration.
log4j: Reading configuration from URL file:/home/mil2041/Fabien_lab/contig_mapping_project/goby/config/log4j.properties
]]></system-out>
  <system-err><![CDATA[log4j:ERROR Could not read configuration file from URL [file:/home/mil2041/Fabien_lab/contig_mapping_project/goby/config/log4j.properties].
java.io.FileNotFoundException: /home/mil2041/Fabien_lab/contig_mapping_project/goby/config/log4j.properties (No such file or directory)
	at java.io.FileInputStream.open(Native Method)
	at java.io.FileInputStream.<init>(FileInputStream.java:120)
	at java.io.FileInputStream.<init>(FileInputStream.java:79)
	at sun.net.www.protocol.file.FileURLConnection.connect(FileURLConnection.java:70)
	at sun.net.www.protocol.file.FileURLConnection.getInputStream(FileURLConnection.java:161)
	at java.net.URL.openStream(URL.java:1010)
	at org.apache.log4j.PropertyConfigurator.doConfigure(PropertyConfigurator.java:459)
	at org.apache.log4j.helpers.OptionConverter.selectAndConfigure(OptionConverter.java:471)
	at org.apache.log4j.LogManager.<clinit>(LogManager.java:125)
	at org.apache.log4j.Logger.getLogger(Logger.java:105)
	at org.apache.commons.logging.impl.Log4JLogger.getLogger(Log4JLogger.java:289)
	at org.apache.commons.logging.impl.Log4JLogger.<init>(Log4JLogger.java:109)
	at sun.reflect.NativeConstructorAccessorImpl.newInstance0(Native Method)
	at sun.reflect.NativeConstructorAccessorImpl.newInstance(NativeConstructorAccessorImpl.java:39)
	at sun.reflect.DelegatingConstructorAccessorImpl.newInstance(DelegatingConstructorAccessorImpl.java:27)
	at java.lang.reflect.Constructor.newInstance(Constructor.java:513)
	at org.apache.commons.logging.impl.LogFactoryImpl.createLogFromClass(LogFactoryImpl.java:1116)
	at org.apache.commons.logging.impl.LogFactoryImpl.discoverLogImplementation(LogFactoryImpl.java:914)
	at org.apache.commons.logging.impl.LogFactoryImpl.newInstance(LogFactoryImpl.java:604)
	at org.apache.commons.logging.impl.LogFactoryImpl.getInstance(LogFactoryImpl.java:336)
	at org.apache.commons.logging.impl.LogFactoryImpl.getInstance(LogFactoryImpl.java:310)
	at org.apache.commons.logging.LogFactory.getLog(LogFactory.java:685)
	at edu.cornell.med.icb.goby.R.GobyRengine.<clinit>(GobyRengine.java:46)
	at edu.cornell.med.icb.goby.R.TestFisherExact.assertRAvailable(TestFisherExact.java:172)
	at sun.reflect.NativeMethodAccessorImpl.invoke0(Native Method)
	at sun.reflect.NativeMethodAccessorImpl.invoke(NativeMethodAccessorImpl.java:39)
	at sun.reflect.DelegatingMethodAccessorImpl.invoke(DelegatingMethodAccessorImpl.java:25)
	at java.lang.reflect.Method.invoke(Method.java:597)
	at org.junit.runners.model.FrameworkMethod$1.runReflectiveCall(FrameworkMethod.java:44)
	at org.junit.internal.runners.model.ReflectiveCallable.run(ReflectiveCallable.java:15)
	at org.junit.runners.model.FrameworkMethod.invokeExplosively(FrameworkMethod.java:41)
	at org.junit.internal.runners.statements.RunBefores.evaluate(RunBefores.java:27)
	at org.junit.internal.runners.statements.RunAfters.evaluate(RunAfters.java:31)
	at org.junit.runners.ParentRunner.run(ParentRunner.java:236)
	at junit.framework.JUnit4TestAdapter.run(JUnit4TestAdapter.java:39)
	at org.apache.tools.ant.taskdefs.optional.junit.JUnitTestRunner.run(JUnitTestRunner.java:420)
	at org.apache.tools.ant.taskdefs.optional.junit.JUnitTestRunner.launch(JUnitTestRunner.java:911)
	at org.apache.tools.ant.taskdefs.optional.junit.JUnitTestRunner.main(JUnitTestRunner.java:768)
log4j:ERROR Ignoring configuration file [file:/home/mil2041/Fabien_lab/contig_mapping_project/goby/config/log4j.properties].
log4j:WARN No appenders could be found for logger (edu.cornell.med.icb.goby.R.GobyRengine).
log4j:WARN Please initialize the log4j system properly.
]]></system-err>
</testsuite>
